<?xml version="1.0" encoding="UTF-8"?>
<testng-results skipped="0" failed="0" total="2" passed="2">
  <reporter-output>
  </reporter-output>
  <suite name="Default suite" duration-ms="28418" started-at="2019-05-12T04:16:18Z" finished-at="2019-05-12T04:16:46Z">
    <groups>
    </groups>
    <test name="Default test" duration-ms="28418" started-at="2019-05-12T04:16:18Z" finished-at="2019-05-12T04:16:46Z">
      <class name="CustomerData.POMTest">
        <test-method status="PASS" signature="loginTest()[pri:0, instance:CustomerData.POMTest@7cf10a6f]" name="loginTest" duration-ms="20326" started-at="2019-05-12T09:46:18Z" finished-at="2019-05-12T09:46:38Z">
          <reporter-output>
          </reporter-output>
        </test-method> <!-- loginTest -->
        <test-method status="PASS" signature="loginWithoutPasswordTest()[pri:0, instance:CustomerData.POMTest@7cf10a6f]" name="loginWithoutPasswordTest" duration-ms="8040" started-at="2019-05-12T09:46:38Z" finished-at="2019-05-12T09:46:46Z">
          <reporter-output>
          </reporter-output>
        </test-method> <!-- loginWithoutPasswordTest -->
      </class> <!-- CustomerData.POMTest -->
    </test> <!-- Default test -->
  </suite> <!-- Default suite -->
</testng-results>
